<?xml version="1.0" encoding="UTF-8"?>
<!-- Generated by org.testng.reporters.JUnitReportReporter -->
<testsuite skipped="0" hostname="baoqiandeMacBook-Pro.local" name="com.bx.testng.homeTest" tests="1" failures="0" timestamp="2019-09-28T17:22:46 CST" time="1.486" errors="0">
  <testcase name="test" time="1.486" classname="com.bx.testng.homeTest"/>
</testsuite> <!-- com.bx.testng.homeTest -->
